   1              		.cpu cortex-m4
   2              		.eabi_attribute 27, 1
   3              		.eabi_attribute 28, 1
   4              		.eabi_attribute 20, 1
   5              		.eabi_attribute 21, 1
   6              		.eabi_attribute 23, 3
   7              		.eabi_attribute 24, 1
   8              		.eabi_attribute 25, 1
   9              		.eabi_attribute 26, 1
  10              		.eabi_attribute 30, 1
  11              		.eabi_attribute 34, 1
  12              		.eabi_attribute 18, 4
  13              		.file	"adc_app.c"
  14              		.text
  15              		.section	.text._dummy89,"ax",%progbits
  16              		.align	1
  17              		.global	_dummy89
  18              		.arch armv7e-m
  19              		.syntax unified
  20              		.thumb
  21              		.thumb_func
  22              		.fpu fpv4-sp-d16
  24              	_dummy89:
  25              		@ args = 0, pretend = 0, frame = 0
  26              		@ frame_needed = 0, uses_anonymous_args = 0
  27              		@ link register save eliminated.
  28 0000 7047     		bx	lr
  30              		.section	.text.pdb_init,"ax",%progbits
  31              		.align	1
  32              		.global	pdb_init
  33              		.syntax unified
  34              		.thumb
  35              		.thumb_func
  36              		.fpu fpv4-sp-d16
  38              	pdb_init:
  39              		@ args = 0, pretend = 0, frame = 24
  40              		@ frame_needed = 0, uses_anonymous_args = 0
  41 0000 2DE9F04F 		push	{r4, r5, r6, r7, r8, r9, r10, fp, lr}
  42 0004 87B0     		sub	sp, sp, #28
  43 0006 604C     		ldr	r4, .L13
  44 0008 2146     		mov	r1, r4
  45 000a 0020     		movs	r0, #0
  46 000c FFF7FEFF 		bl	PDB_DRV_Init
  47 0010 0020     		movs	r0, #0
  48 0012 FFF7FEFF 		bl	PDB_DRV_Enable
  49 0016 2146     		mov	r1, r4
  50 0018 0120     		movs	r0, #1
  51 001a FFF7FEFF 		bl	PDB_DRV_Init
  52 001e 0120     		movs	r0, #1
  53 0020 FFF7FEFF 		bl	PDB_DRV_Enable
  54 0024 0023     		movs	r3, #0
  55 0026 0493     		str	r3, [sp, #16]
  56 0028 0593     		str	r3, [sp, #20]
  57 002a 0122     		movs	r2, #1
  58 002c 8DF81420 		strb	r2, [sp, #20]
  59 0030 0293     		str	r3, [sp, #8]
  60 0032 0393     		str	r3, [sp, #12]
  61 0034 0093     		str	r3, [sp]
  62 0036 0193     		str	r3, [sp, #4]
  63 0038 544C     		ldr	r4, .L13+4
  64 003a 04F54877 		add	r7, r4, #800
  65 003e 4FF0430A 		mov	r10, #67
  66 0042 4FF05909 		mov	r9, #89
  67 0046 9846     		mov	r8, r3
  68 0048 1FE0     		b	.L7
  69              	.L11:
  70 004a 5146     		mov	r1, r10
  71 004c 4846     		mov	r0, r9
  72 004e FFF7FEFF 		bl	failure1
  73 0052 23E0     		b	.L3
  74              	.L12:
  75 0054 06AB     		add	r3, sp, #24
  76 0056 03EB8505 		add	r5, r3, r5, lsl #2
  77 005a 45F818BC 		str	fp, [r5, #-24]
  78 005e 11E0     		b	.L4
  79              	.L5:
  80 0060 CDF81080 		str	r8, [sp, #16]
  81 0064 4FF0010B 		mov	fp, #1
  82 0068 8DF815B0 		strb	fp, [sp, #21]
  83 006c 8DF81680 		strb	r8, [sp, #22]
  84 0070 04AA     		add	r2, sp, #16
  85 0072 3146     		mov	r1, r6
  86 0074 2846     		mov	r0, r5
  87 0076 FFF7FEFF 		bl	PDB_DRV_ConfigAdcPreTrigger
  88 007a 06AB     		add	r3, sp, #24
  89 007c 03EB8505 		add	r5, r3, r5, lsl #2
  90 0080 45F818BC 		str	fp, [r5, #-24]
  91              	.L4:
  92 0084 1434     		adds	r4, r4, #20
  93 0086 BC42     		cmp	r4, r7
  94 0088 2ED0     		beq	.L10
  95              	.L7:
  96 008a A346     		mov	fp, r4
  97 008c 2578     		ldrb	r5, [r4]	@ zero_extendqisi2
  98 008e 06AB     		add	r3, sp, #24
  99 0090 03EB8503 		add	r3, r3, r5, lsl #2
 100 0094 53F8106C 		ldr	r6, [r3, #-16]
 101 0098 032E     		cmp	r6, #3
 102 009a D6D8     		bhi	.L11
 103              	.L3:
 104 009c 9BF80C30 		ldrb	r3, [fp, #12]	@ zero_extendqisi2
 105 00a0 002B     		cmp	r3, #0
 106 00a2 EFD1     		bne	.L4
 107 00a4 06AB     		add	r3, sp, #24
 108 00a6 03EB8503 		add	r3, r3, r5, lsl #2
 109 00aa 53F818BC 		ldr	fp, [r3, #-24]
 110 00ae BBF1000F 		cmp	fp, #0
 111 00b2 D5D0     		beq	.L5
 112 00b4 CDF810B0 		str	fp, [sp, #16]
 113 00b8 8DF81580 		strb	r8, [sp, #21]
 114 00bc 0123     		movs	r3, #1
 115 00be 8DF81630 		strb	r3, [sp, #22]
 116 00c2 04AA     		add	r2, sp, #16
 117 00c4 3146     		mov	r1, r6
 118 00c6 2846     		mov	r0, r5
 119 00c8 FFF7FEFF 		bl	PDB_DRV_ConfigAdcPreTrigger
 120 00cc 0BF1010B 		add	fp, fp, #1
 121 00d0 BBF1070F 		cmp	fp, #7
 122 00d4 BED9     		bls	.L12
 123 00d6 06AB     		add	r3, sp, #24
 124 00d8 03EB8505 		add	r5, r3, r5, lsl #2
 125 00dc 45F8188C 		str	r8, [r5, #-24]
 126 00e0 0136     		adds	r6, r6, #1
 127 00e2 45F8106C 		str	r6, [r5, #-16]
 128 00e6 CDE7     		b	.L4
 129              	.L10:
 130 00e8 4FF47A61 		mov	r1, #4000
 131 00ec 0020     		movs	r0, #0
 132 00ee FFF7FEFF 		bl	PDB_DRV_SetTimerModulusValue
 133 00f2 0023     		movs	r3, #0
 134 00f4 1A46     		mov	r2, r3
 135 00f6 1946     		mov	r1, r3
 136 00f8 1846     		mov	r0, r3
 137 00fa FFF7FEFF 		bl	PDB_DRV_SetAdcPreTriggerDelayValue
 138 00fe 4FF47A73 		mov	r3, #1000
 139 0102 0022     		movs	r2, #0
 140 0104 0121     		movs	r1, #1
 141 0106 1046     		mov	r0, r2
 142 0108 FFF7FEFF 		bl	PDB_DRV_SetAdcPreTriggerDelayValue
 143 010c 4FF47A61 		mov	r1, #4000
 144 0110 0120     		movs	r0, #1
 145 0112 FFF7FEFF 		bl	PDB_DRV_SetTimerModulusValue
 146 0116 0023     		movs	r3, #0
 147 0118 1A46     		mov	r2, r3
 148 011a 1946     		mov	r1, r3
 149 011c 0120     		movs	r0, #1
 150 011e FFF7FEFF 		bl	PDB_DRV_SetAdcPreTriggerDelayValue
 151 0122 4FF47A73 		mov	r3, #1000
 152 0126 0022     		movs	r2, #0
 153 0128 0121     		movs	r1, #1
 154 012a 0846     		mov	r0, r1
 155 012c FFF7FEFF 		bl	PDB_DRV_SetAdcPreTriggerDelayValue
 156 0130 4FF4FA63 		mov	r3, #2000
 157 0134 0022     		movs	r2, #0
 158 0136 0221     		movs	r1, #2
 159 0138 1046     		mov	r0, r2
 160 013a FFF7FEFF 		bl	PDB_DRV_SetAdcPreTriggerDelayValue
 161 013e 40F6B833 		movw	r3, #3000
 162 0142 0022     		movs	r2, #0
 163 0144 0321     		movs	r1, #3
 164 0146 1046     		mov	r0, r2
 165 0148 FFF7FEFF 		bl	PDB_DRV_SetAdcPreTriggerDelayValue
 166 014c 4FF4FA63 		mov	r3, #2000
 167 0150 0022     		movs	r2, #0
 168 0152 0221     		movs	r1, #2
 169 0154 0120     		movs	r0, #1
 170 0156 FFF7FEFF 		bl	PDB_DRV_SetAdcPreTriggerDelayValue
 171 015a 40F6B833 		movw	r3, #3000
 172 015e 0022     		movs	r2, #0
 173 0160 0321     		movs	r1, #3
 174 0162 0120     		movs	r0, #1
 175 0164 FFF7FEFF 		bl	PDB_DRV_SetAdcPreTriggerDelayValue
 176 0168 0020     		movs	r0, #0
 177 016a FFF7FEFF 		bl	PDB_DRV_LoadValuesCmd
 178 016e 0020     		movs	r0, #0
 179 0170 FFF7FEFF 		bl	PDB_DRV_SoftTriggerCmd
 180 0174 0120     		movs	r0, #1
 181 0176 FFF7FEFF 		bl	PDB_DRV_LoadValuesCmd
 182 017a 0120     		movs	r0, #1
 183 017c FFF7FEFF 		bl	PDB_DRV_SoftTriggerCmd
 184 0180 07B0     		add	sp, sp, #28
 185              		@ sp needed
 186 0182 BDE8F08F 		pop	{r4, r5, r6, r7, r8, r9, r10, fp, pc}
 187              	.L14:
 188 0186 00BF     		.align	2
 189              	.L13:
 190 0188 00000000 		.word	pdbCom_InitConfig0
 191 018c 00000000 		.word	adc_config_tbl
 193              		.section	.text.ADC_init,"ax",%progbits
 194              		.align	1
 195              		.global	ADC_init
 196              		.syntax unified
 197              		.thumb
 198              		.thumb_func
 199              		.fpu fpv4-sp-d16
 201              	ADC_init:
 202              		@ args = 0, pretend = 0, frame = 16
 203              		@ frame_needed = 0, uses_anonymous_args = 0
 204 0000 2DE9F04F 		push	{r4, r5, r6, r7, r8, r9, r10, fp, lr}
 205 0004 85B0     		sub	sp, sp, #20
 206 0006 494C     		ldr	r4, .L33
 207 0008 2146     		mov	r1, r4
 208 000a 0020     		movs	r0, #0
 209 000c FFF7FEFF 		bl	ADC_DRV_ConfigConverter
 210 0010 2146     		mov	r1, r4
 211 0012 0120     		movs	r0, #1
 212 0014 FFF7FEFF 		bl	ADC_DRV_ConfigConverter
 213 0018 4FF40870 		mov	r0, #544
 214 001c FFF7FEFF 		bl	ee_read
 215 0020 0288     		ldrh	r2, [r0]
 216 0022 46F6B353 		movw	r3, #28083
 217 0026 9A42     		cmp	r2, r3
 218 0028 05D1     		bne	.L30
 219              	.L16:
 220 002a 0023     		movs	r3, #0
 221 002c 0393     		str	r3, [sp, #12]
 222 002e DFF80C91 		ldr	r9, .L33+16
 223 0032 4A46     		mov	r2, r9
 224 0034 0AE0     		b	.L18
 225              	.L30:
 226 0036 0020     		movs	r0, #0
 227 0038 FFF7FEFF 		bl	ADC_DRV_AutoCalibration
 228 003c 0120     		movs	r0, #1
 229 003e FFF7FEFF 		bl	ADC_DRV_AutoCalibration
 230 0042 F2E7     		b	.L16
 231              	.L17:
 232 0044 0133     		adds	r3, r3, #1
 233 0046 1432     		adds	r2, r2, #20
 234 0048 282B     		cmp	r3, #40
 235 004a 09D0     		beq	.L31
 236              	.L18:
 237 004c 117B     		ldrb	r1, [r2, #12]	@ zero_extendqisi2
 238 004e 0029     		cmp	r1, #0
 239 0050 F8D1     		bne	.L17
 240 0052 1178     		ldrb	r1, [r2]	@ zero_extendqisi2
 241 0054 04A8     		add	r0, sp, #16
 242 0056 00EB4101 		add	r1, r0, r1, lsl #1
 243 005a 21F8043C 		strh	r3, [r1, #-4]	@ movhi
 244 005e F1E7     		b	.L17
 245              	.L31:
 246 0060 0025     		movs	r5, #0
 247 0062 0295     		str	r5, [sp, #8]
 248 0064 4C46     		mov	r4, r9
 249 0066 DFF8D880 		ldr	r8, .L33+20
 250 006a 314E     		ldr	r6, .L33+4
 251 006c 2F46     		mov	r7, r5
 252 006e 22E0     		b	.L24
 253              	.L25:
 254 0070 4B46     		mov	r3, r9
 255 0072 0022     		movs	r2, #0
 256 0074 03E0     		b	.L19
 257              	.L22:
 258 0076 0132     		adds	r2, r2, #1
 259 0078 1433     		adds	r3, r3, #20
 260 007a 282A     		cmp	r2, #40
 261 007c 0ED0     		beq	.L23
 262              	.L19:
 263 007e 5FFA82FE 		uxtb	lr, r2
 264 0082 1978     		ldrb	r1, [r3]	@ zero_extendqisi2
 265 0084 8142     		cmp	r1, r0
 266 0086 F6D1     		bne	.L22
 267 0088 9AF801B0 		ldrb	fp, [r10, #1]	@ zero_extendqisi2
 268 008c 5978     		ldrb	r1, [r3, #1]	@ zero_extendqisi2
 269 008e 8B45     		cmp	fp, r1
 270 0090 F1D1     		bne	.L22
 271 0092 197B     		ldrb	r1, [r3, #12]	@ zero_extendqisi2
 272 0094 0029     		cmp	r1, #0
 273 0096 EED1     		bne	.L22
 274 0098 05F806E0 		strb	lr, [r5, r6]
 275              	.L23:
 276 009c 98F80030 		ldrb	r3, [r8]	@ zero_extendqisi2
 277 00a0 9AF80D20 		ldrb	r2, [r10, #13]	@ zero_extendqisi2
 278 00a4 9A42     		cmp	r2, r3
 279 00a6 84BF     		itt	hi
 280 00a8 0133     		addhi	r3, r3, #1
 281 00aa 88F80030 		strbhi	r3, [r8]
 282              	.L21:
 283 00ae 0135     		adds	r5, r5, #1
 284 00b0 1434     		adds	r4, r4, #20
 285 00b2 282D     		cmp	r5, #40
 286 00b4 24D0     		beq	.L32
 287              	.L24:
 288 00b6 A246     		mov	r10, r4
 289 00b8 2078     		ldrb	r0, [r4]	@ zero_extendqisi2
 290 00ba 237B     		ldrb	r3, [r4, #12]	@ zero_extendqisi2
 291 00bc 002B     		cmp	r3, #0
 292 00be D7D1     		bne	.L25
 293 00c0 6378     		ldrb	r3, [r4, #1]	@ zero_extendqisi2
 294 00c2 ADF80630 		strh	r3, [sp, #6]	@ movhi
 295 00c6 8DF80470 		strb	r7, [sp, #4]
 296 00ca 04AB     		add	r3, sp, #16
 297 00cc 03EB4003 		add	r3, r3, r0, lsl #1
 298 00d0 33F8042C 		ldrh	r2, [r3, #-4]
 299 00d4 ABB2     		uxth	r3, r5
 300 00d6 9A42     		cmp	r2, r3
 301 00d8 04BF     		itt	eq
 302 00da 0123     		moveq	r3, #1
 303 00dc 8DF80430 		strbeq	r3, [sp, #4]
 304 00e0 04AB     		add	r3, sp, #16
 305 00e2 03EB400B 		add	fp, r3, r0, lsl #1
 306 00e6 3BF808AC 		ldrh	r10, [fp, #-8]
 307 00ea 5FFA8AF1 		uxtb	r1, r10
 308 00ee A955     		strb	r1, [r5, r6]
 309 00f0 01AA     		add	r2, sp, #4
 310 00f2 FFF7FEFF 		bl	ADC_DRV_ConfigChan
 311 00f6 0AF1010A 		add	r10, r10, #1
 312 00fa 2BF808AC 		strh	r10, [fp, #-8]	@ movhi
 313 00fe D6E7     		b	.L21
 314              	.L32:
 315 0100 0022     		movs	r2, #0
 316 0102 0C49     		ldr	r1, .L33+8
 317 0104 2720     		movs	r0, #39
 318 0106 FFF7FEFF 		bl	INT_SYS_InstallHandler
 319 010a 0022     		movs	r2, #0
 320 010c 0A49     		ldr	r1, .L33+12
 321 010e 2820     		movs	r0, #40
 322 0110 FFF7FEFF 		bl	INT_SYS_InstallHandler
 323 0114 FFF7FEFF 		bl	pdb_init
 324 0118 2720     		movs	r0, #39
 325 011a FFF7FEFF 		bl	INT_SYS_EnableIRQ
 326 011e 2820     		movs	r0, #40
 327 0120 FFF7FEFF 		bl	INT_SYS_EnableIRQ
 328 0124 05B0     		add	sp, sp, #20
 329              		@ sp needed
 330 0126 BDE8F08F 		pop	{r4, r5, r6, r7, r8, r9, r10, fp, pc}
 331              	.L34:
 332 012a 00BF     		.align	2
 333              	.L33:
 334 012c 00000000 		.word	adConv_ConvConfig
 335 0130 00000000 		.word	adc_results_to_adc_channel_index
 336 0134 00000000 		.word	ADC1_IRQHandler
 337 0138 00000000 		.word	ADC2_IRQHandler
 338 013c 00000000 		.word	adc_config_tbl
 339 0140 00000000 		.word	.LANCHOR0
 341              		.section	.text.ADC_IRQHandler,"ax",%progbits
 342              		.align	1
 343              		.global	ADC_IRQHandler
 344              		.syntax unified
 345              		.thumb
 346              		.thumb_func
 347              		.fpu fpv4-sp-d16
 349              	ADC_IRQHandler:
 350              		@ args = 0, pretend = 0, frame = 0
 351              		@ frame_needed = 0, uses_anonymous_args = 0
 352 0000 2DE9F843 		push	{r3, r4, r5, r6, r7, r8, r9, lr}
 353 0004 8146     		mov	r9, r0
 354 0006 0E46     		mov	r6, r1
 355 0008 114C     		ldr	r4, .L41
 356 000a 0025     		movs	r5, #0
 357 000c DFF84C80 		ldr	r8, .L41+12
 358 0010 104F     		ldr	r7, .L41+4
 359 0012 03E0     		b	.L37
 360              	.L36:
 361 0014 0135     		adds	r5, r5, #1
 362 0016 1434     		adds	r4, r4, #20
 363 0018 282D     		cmp	r5, #40
 364 001a 0DD0     		beq	.L40
 365              	.L37:
 366 001c 14F80C3C 		ldrb	r3, [r4, #-12]	@ zero_extendqisi2
 367 0020 B342     		cmp	r3, r6
 368 0022 F7D1     		bne	.L36
 369 0024 2378     		ldrb	r3, [r4]	@ zero_extendqisi2
 370 0026 002B     		cmp	r3, #0
 371 0028 F4D1     		bne	.L36
 372 002a 08EB4502 		add	r2, r8, r5, lsl #1
 373 002e 795D     		ldrb	r1, [r7, r5]	@ zero_extendqisi2
 374 0030 3046     		mov	r0, r6
 375 0032 FFF7FEFF 		bl	ADC_DRV_GetChanResult
 376 0036 EDE7     		b	.L36
 377              	.L40:
 378 0038 4846     		mov	r0, r9
 379 003a FFF7FEFF 		bl	PDB_DRV_SoftTriggerCmd
 380 003e 064A     		ldr	r2, .L41+8
 381 0040 52F82630 		ldr	r3, [r2, r6, lsl #2]
 382 0044 0133     		adds	r3, r3, #1
 383 0046 42F82630 		str	r3, [r2, r6, lsl #2]
 384 004a BDE8F883 		pop	{r3, r4, r5, r6, r7, r8, r9, pc}
 385              	.L42:
 386 004e 00BF     		.align	2
 387              	.L41:
 388 0050 0C000000 		.word	adc_config_tbl+12
 389 0054 00000000 		.word	adc_results_to_adc_channel_index
 390 0058 00000000 		.word	mgl_adc_counter
 391 005c 00000000 		.word	adc_interrupt_values
 393              		.section	.text.ADC1_IRQHandler,"ax",%progbits
 394              		.align	1
 395              		.global	ADC1_IRQHandler
 396              		.syntax unified
 397              		.thumb
 398              		.thumb_func
 399              		.fpu fpv4-sp-d16
 401              	ADC1_IRQHandler:
 402              		@ args = 0, pretend = 0, frame = 0
 403              		@ frame_needed = 0, uses_anonymous_args = 0
 404 0000 08B5     		push	{r3, lr}
 405 0002 0021     		movs	r1, #0
 406 0004 0846     		mov	r0, r1
 407 0006 FFF7FEFF 		bl	ADC_IRQHandler
 408 000a 08BD     		pop	{r3, pc}
 410              		.section	.text.ADC2_IRQHandler,"ax",%progbits
 411              		.align	1
 412              		.global	ADC2_IRQHandler
 413              		.syntax unified
 414              		.thumb
 415              		.thumb_func
 416              		.fpu fpv4-sp-d16
 418              	ADC2_IRQHandler:
 419              		@ args = 0, pretend = 0, frame = 0
 420              		@ frame_needed = 0, uses_anonymous_args = 0
 421 0000 08B5     		push	{r3, lr}
 422 0002 0121     		movs	r1, #1
 423 0004 0846     		mov	r0, r1
 424 0006 FFF7FEFF 		bl	ADC_IRQHandler
 425 000a 08BD     		pop	{r3, pc}
 427              		.section	.text.adc_get_counter,"ax",%progbits
 428              		.align	1
 429              		.global	adc_get_counter
 430              		.syntax unified
 431              		.thumb
 432              		.thumb_func
 433              		.fpu fpv4-sp-d16
 435              	adc_get_counter:
 436              		@ args = 0, pretend = 0, frame = 0
 437              		@ frame_needed = 0, uses_anonymous_args = 0
 438 0000 38B5     		push	{r3, r4, r5, lr}
 439 0002 0546     		mov	r5, r0
 440 0004 0C46     		mov	r4, r1
 441 0006 0846     		mov	r0, r1
 442 0008 FFF7FEFF 		bl	INT_SYS_DisableIRQ
 443 000c 034B     		ldr	r3, .L49
 444 000e 53F82550 		ldr	r5, [r3, r5, lsl #2]
 445 0012 2046     		mov	r0, r4
 446 0014 FFF7FEFF 		bl	INT_SYS_EnableIRQ
 447 0018 2846     		mov	r0, r5
 448 001a 38BD     		pop	{r3, r4, r5, pc}
 449              	.L50:
 450              		.align	2
 451              	.L49:
 452 001c 00000000 		.word	mgl_adc_counter
 454              		.section	.text.adc_get_measurement_range,"ax",%progbits
 455              		.align	1
 456              		.global	adc_get_measurement_range
 457              		.syntax unified
 458              		.thumb
 459              		.thumb_func
 460              		.fpu fpv4-sp-d16
 462              	adc_get_measurement_range:
 463              		@ args = 0, pretend = 0, frame = 0
 464              		@ frame_needed = 0, uses_anonymous_args = 0
 465 0000 08B5     		push	{r3, lr}
 466 0002 00EB8002 		add	r2, r0, r0, lsl #2
 467 0006 034B     		ldr	r3, .L53
 468 0008 03EB8203 		add	r3, r3, r2, lsl #2
 469 000c 5968     		ldr	r1, [r3, #4]
 470 000e FFF7FEFF 		bl	modulhardwarecode_adc_get_vrefh2
 471 0012 08BD     		pop	{r3, pc}
 472              	.L54:
 473              		.align	2
 474              	.L53:
 475 0014 00000000 		.word	adc_config_tbl
 477              		.section	.text.adc_get_module_type,"ax",%progbits
 478              		.align	1
 479              		.global	adc_get_module_type
 480              		.syntax unified
 481              		.thumb
 482              		.thumb_func
 483              		.fpu fpv4-sp-d16
 485              	adc_get_module_type:
 486              		@ args = 0, pretend = 0, frame = 0
 487              		@ frame_needed = 0, uses_anonymous_args = 0
 488 0000 08B5     		push	{r3, lr}
 489 0002 4FF40870 		mov	r0, #544
 490 0006 FFF7FEFF 		bl	ee_read
 491 000a 08B1     		cbz	r0, .L57
 492 000c 0088     		ldrh	r0, [r0]
 493              	.L56:
 494 000e 08BD     		pop	{r3, pc}
 495              	.L57:
 496 0010 0020     		movs	r0, #0
 497 0012 FCE7     		b	.L56
 499              		.section	.text.adc_copy_results_from_interrupt,"ax",%progbits
 500              		.align	1
 501              		.global	adc_copy_results_from_interrupt
 502              		.syntax unified
 503              		.thumb
 504              		.thumb_func
 505              		.fpu fpv4-sp-d16
 507              	adc_copy_results_from_interrupt:
 508              		@ args = 0, pretend = 0, frame = 0
 509              		@ frame_needed = 0, uses_anonymous_args = 0
 510 0000 2DE9F041 		push	{r4, r5, r6, r7, r8, lr}
 511 0004 0446     		mov	r4, r0
 512 0006 8846     		mov	r8, r1
 513 0008 1646     		mov	r6, r2
 514 000a 1D46     		mov	r5, r3
 515 000c 1946     		mov	r1, r3
 516 000e FFF7FEFF 		bl	adc_get_counter
 517 0012 3368     		ldr	r3, [r6]
 518 0014 8342     		cmp	r3, r0
 519 0016 01D1     		bne	.L65
 520              	.L59:
 521 0018 BDE8F081 		pop	{r4, r5, r6, r7, r8, pc}
 522              	.L65:
 523 001c 0746     		mov	r7, r0
 524 001e 0123     		movs	r3, #1
 525 0020 88F80030 		strb	r3, [r8]
 526 0024 2846     		mov	r0, r5
 527 0026 FFF7FEFF 		bl	INT_SYS_DisableIRQ
 528 002a 0E4A     		ldr	r2, .L67
 529 002c 0023     		movs	r3, #0
 530 002e DFF83CE0 		ldr	lr, .L67+8
 531 0032 0D48     		ldr	r0, .L67+4
 532 0034 03E0     		b	.L62
 533              	.L61:
 534 0036 0133     		adds	r3, r3, #1
 535 0038 1432     		adds	r2, r2, #20
 536 003a 282B     		cmp	r3, #40
 537 003c 0DD0     		beq	.L66
 538              	.L62:
 539 003e 12F80C1C 		ldrb	r1, [r2, #-12]	@ zero_extendqisi2
 540 0042 A142     		cmp	r1, r4
 541 0044 F7D1     		bne	.L61
 542 0046 1178     		ldrb	r1, [r2]	@ zero_extendqisi2
 543 0048 0029     		cmp	r1, #0
 544 004a F4D1     		bne	.L61
 545 004c 03EB8301 		add	r1, r3, r3, lsl #2
 546 0050 30F813C0 		ldrh	ip, [r0, r3, lsl #1]
 547 0054 2EF811C0 		strh	ip, [lr, r1, lsl #1]	@ movhi
 548 0058 EDE7     		b	.L61
 549              	.L66:
 550 005a 2846     		mov	r0, r5
 551 005c FFF7FEFF 		bl	INT_SYS_EnableIRQ
 552 0060 3760     		str	r7, [r6]
 553 0062 D9E7     		b	.L59
 554              	.L68:
 555              		.align	2
 556              	.L67:
 557 0064 0C000000 		.word	adc_config_tbl+12
 558 0068 00000000 		.word	adc_interrupt_values
 559 006c 00000000 		.word	adc_results
 561              		.section	.text.adc_processing,"ax",%progbits
 562              		.align	1
 563              		.global	adc_processing
 564              		.syntax unified
 565              		.thumb
 566              		.thumb_func
 567              		.fpu fpv4-sp-d16
 569              	adc_processing:
 570              		@ args = 0, pretend = 0, frame = 24
 571              		@ frame_needed = 0, uses_anonymous_args = 0
 572 0000 2DE9F04F 		push	{r4, r5, r6, r7, r8, r9, r10, fp, lr}
 573 0004 89B0     		sub	sp, sp, #36
 574 0006 0390     		str	r0, [sp, #12]
 575 0008 8846     		mov	r8, r1
 576 000a 0020     		movs	r0, #0
 577 000c 8DF81F00 		strb	r0, [sp, #31]
 578 0010 8DF81E00 		strb	r0, [sp, #30]
 579 0014 564D     		ldr	r5, .L88
 580 0016 2723     		movs	r3, #39
 581 0018 2A46     		mov	r2, r5
 582 001a 0DF11F01 		add	r1, sp, #31
 583 001e FFF7FEFF 		bl	adc_copy_results_from_interrupt
 584 0022 544C     		ldr	r4, .L88+4
 585 0024 2823     		movs	r3, #40
 586 0026 2246     		mov	r2, r4
 587 0028 0DF11E01 		add	r1, sp, #30
 588 002c 0120     		movs	r0, #1
 589 002e FFF7FEFF 		bl	adc_copy_results_from_interrupt
 590 0032 2A68     		ldr	r2, [r5]
 591 0034 504B     		ldr	r3, .L88+8
 592 0036 1B68     		ldr	r3, [r3]
 593 0038 D31A     		subs	r3, r2, r3
 594 003a 0493     		str	r3, [sp, #16]
 595 003c 2268     		ldr	r2, [r4]
 596 003e 4F4B     		ldr	r3, .L88+12
 597 0040 1B68     		ldr	r3, [r3]
 598 0042 D31A     		subs	r3, r2, r3
 599 0044 0593     		str	r3, [sp, #20]
 600 0046 9DF81F30 		ldrb	r3, [sp, #31]	@ zero_extendqisi2
 601 004a 012B     		cmp	r3, #1
 602 004c 0CD0     		beq	.L70
 603 004e 9DF81E30 		ldrb	r3, [sp, #30]	@ zero_extendqisi2
 604 0052 012B     		cmp	r3, #1
 605 0054 08D0     		beq	.L70
 606              	.L71:
 607 0056 049B     		ldr	r3, [sp, #16]
 608 0058 0F2B     		cmp	r3, #15
 609 005a 02D9     		bls	.L69
 610 005c 059B     		ldr	r3, [sp, #20]
 611 005e 0F2B     		cmp	r3, #15
 612 0060 6FD8     		bhi	.L87
 613              	.L69:
 614 0062 09B0     		add	sp, sp, #36
 615              		@ sp needed
 616 0064 BDE8F08F 		pop	{r4, r5, r6, r7, r8, r9, r10, fp, pc}
 617              	.L70:
 618 0068 454C     		ldr	r4, .L88+16
 619 006a 464D     		ldr	r5, .L88+20
 620 006c 464E     		ldr	r6, .L88+24
 621 006e 04F54879 		add	r9, r4, #800
 622 0072 4FF0160B 		mov	fp, #22
 623 0076 DFF818A1 		ldr	r10, .L88+32
 624 007a 4BE0     		b	.L82
 625              	.L72:
 626 007c 2B88     		ldrh	r3, [r5]
 627 007e 6B80     		strh	r3, [r5, #2]	@ movhi
 628              	.L73:
 629 0080 B8F1000F 		cmp	r8, #0
 630 0084 39D0     		beq	.L74
 631 0086 177C     		ldrb	r7, [r2, #16]	@ zero_extendqisi2
 632 0088 002F     		cmp	r7, #0
 633 008a 3ED0     		beq	.L75
 634 008c D089     		ldrh	r0, [r2, #14]
 635 008e 00F22220 		addw	r0, r0, #546
 636 0092 FFF7FEFF 		bl	ee_read
 637 0096 58B1     		cbz	r0, .L76
 638 0098 B0F90030 		ldrsh	r3, [r0]
 639 009c B3F1FF3F 		cmp	r3, #-1
 640 00a0 06D0     		beq	.L76
 641 00a2 032F     		cmp	r7, #3
 642 00a4 0FD0     		beq	.L78
 643 00a6 072F     		cmp	r7, #7
 644 00a8 1ED0     		beq	.L79
 645 00aa 0023     		movs	r3, #0
 646 00ac EB80     		strh	r3, [r5, #6]	@ movhi
 647 00ae 12E0     		b	.L81
 648              	.L76:
 649 00b0 0023     		movs	r3, #0
 650 00b2 EB80     		strh	r3, [r5, #6]	@ movhi
 651 00b4 2B89     		ldrh	r3, [r5, #8]
 652 00b6 6A88     		ldrh	r2, [r5, #2]
 653 00b8 0BFB0323 		mla	r3, fp, r3, r2
 654 00bc AAFB0323 		umull	r2, r3, r10, r3
 655 00c0 1B09     		lsrs	r3, r3, #4
 656 00c2 2B81     		strh	r3, [r5, #8]	@ movhi
 657 00c4 21E0     		b	.L75
 658              	.L78:
 659 00c6 0322     		movs	r2, #3
 660 00c8 0092     		str	r2, [sp]
 661 00ca B5F90230 		ldrsh	r3, [r5, #2]
 662 00ce 811D     		adds	r1, r0, #6
 663 00d0 FFF7FEFF 		bl	os_util_lookup1D
 664 00d4 E880     		strh	r0, [r5, #6]	@ movhi
 665              	.L81:
 666 00d6 2B89     		ldrh	r3, [r5, #8]
 667 00d8 EA88     		ldrh	r2, [r5, #6]
 668 00da 0BFB0323 		mla	r3, fp, r3, r2
 669 00de AAFB0323 		umull	r2, r3, r10, r3
 670 00e2 1B09     		lsrs	r3, r3, #4
 671 00e4 2B81     		strh	r3, [r5, #8]	@ movhi
 672 00e6 10E0     		b	.L75
 673              	.L79:
 674 00e8 0322     		movs	r2, #3
 675 00ea 0092     		str	r2, [sp]
 676 00ec B5F90230 		ldrsh	r3, [r5, #2]
 677 00f0 811D     		adds	r1, r0, #6
 678 00f2 FFF7FEFF 		bl	os_util_lookup1D
 679 00f6 E880     		strh	r0, [r5, #6]	@ movhi
 680 00f8 EDE7     		b	.L81
 681              	.L74:
 682 00fa 2B89     		ldrh	r3, [r5, #8]
 683 00fc 6A88     		ldrh	r2, [r5, #2]
 684 00fe 0BFB0323 		mla	r3, fp, r3, r2
 685 0102 AAFB0323 		umull	r2, r3, r10, r3
 686 0106 1B09     		lsrs	r3, r3, #4
 687 0108 2B81     		strh	r3, [r5, #8]	@ movhi
 688              	.L75:
 689 010a 1434     		adds	r4, r4, #20
 690 010c 0A35     		adds	r5, r5, #10
 691 010e 0136     		adds	r6, r6, #1
 692 0110 4C45     		cmp	r4, r9
 693 0112 A0D0     		beq	.L71
 694              	.L82:
 695 0114 2246     		mov	r2, r4
 696 0116 237B     		ldrb	r3, [r4, #12]	@ zero_extendqisi2
 697 0118 002B     		cmp	r3, #0
 698 011a AFD0     		beq	.L72
 699 011c 039B     		ldr	r3, [sp, #12]
 700 011e 1978     		ldrb	r1, [r3]	@ zero_extendqisi2
 701 0120 637B     		ldrb	r3, [r4, #13]	@ zero_extendqisi2
 702 0122 9942     		cmp	r1, r3
 703 0124 ACD1     		bne	.L73
 704 0126 049B     		ldr	r3, [sp, #16]
 705 0128 0F2B     		cmp	r3, #15
 706 012a A9D9     		bls	.L73
 707 012c 059B     		ldr	r3, [sp, #20]
 708 012e 0F2B     		cmp	r3, #15
 709 0130 A6D9     		bls	.L73
 710 0132 3378     		ldrb	r3, [r6]	@ zero_extendqisi2
 711 0134 03EB8303 		add	r3, r3, r3, lsl #2
 712 0138 1249     		ldr	r1, .L88+20
 713 013a 31F81330 		ldrh	r3, [r1, r3, lsl #1]
 714 013e 6B80     		strh	r3, [r5, #2]	@ movhi
 715 0140 9EE7     		b	.L73
 716              	.L87:
 717 0142 0B4B     		ldr	r3, .L88
 718 0144 1A68     		ldr	r2, [r3]
 719 0146 0C4B     		ldr	r3, .L88+8
 720 0148 1A60     		str	r2, [r3]
 721 014a 0A4B     		ldr	r3, .L88+4
 722 014c 1A68     		ldr	r2, [r3]
 723 014e 0B4B     		ldr	r3, .L88+12
 724 0150 1A60     		str	r2, [r3]
 725 0152 0399     		ldr	r1, [sp, #12]
 726 0154 0A78     		ldrb	r2, [r1]	@ zero_extendqisi2
 727 0156 0132     		adds	r2, r2, #1
 728 0158 0C4B     		ldr	r3, .L88+28
 729 015a 1B78     		ldrb	r3, [r3]	@ zero_extendqisi2
 730 015c 0133     		adds	r3, r3, #1
 731 015e 92FBF3F0 		sdiv	r0, r2, r3
 732 0162 03FB1020 		mls	r0, r3, r0, r2
 733 0166 C0B2     		uxtb	r0, r0
 734 0168 0870     		strb	r0, [r1]
 735 016a FFF7FEFF 		bl	modulhardwarecode_adc_multiplex
 736 016e 78E7     		b	.L69
 737              	.L89:
 738              		.align	2
 739              	.L88:
 740 0170 00000000 		.word	.LANCHOR1
 741 0174 00000000 		.word	.LANCHOR2
 742 0178 00000000 		.word	.LANCHOR3
 743 017c 00000000 		.word	.LANCHOR4
 744 0180 00000000 		.word	adc_config_tbl
 745 0184 00000000 		.word	adc_results
 746 0188 00000000 		.word	adc_results_to_adc_channel_index
 747 018c 00000000 		.word	.LANCHOR0
 748 0190 C94216B2 		.word	-1307163959
 750              		.section	.text.add_to_float_avg,"ax",%progbits
 751              		.align	1
 752              		.global	add_to_float_avg
 753              		.syntax unified
 754              		.thumb
 755              		.thumb_func
 756              		.fpu fpv4-sp-d16
 758              	add_to_float_avg:
 759              		@ args = 0, pretend = 0, frame = 0
 760              		@ frame_needed = 0, uses_anonymous_args = 0
 761              		@ link register save eliminated.
 762 0000 038E     		ldrh	r3, [r0, #48]
 763 0002 93B1     		cbz	r3, .L90
 764 0004 172B     		cmp	r3, #23
 765 0006 84BF     		itt	hi
 766 0008 1723     		movhi	r3, #23
 767 000a 0386     		strhhi	r3, [r0, #48]	@ movhi
 768 000c 90F82E30 		ldrb	r3, [r0, #46]	@ zero_extendqisi2
 769 0010 20F81310 		strh	r1, [r0, r3, lsl #1]	@ movhi
 770 0014 0133     		adds	r3, r3, #1
 771 0016 DBB2     		uxtb	r3, r3
 772 0018 018E     		ldrh	r1, [r0, #48]
 773 001a 93FBF1F2 		sdiv	r2, r3, r1
 774 001e 01FB1233 		mls	r3, r1, r2, r3
 775 0022 80F82E30 		strb	r3, [r0, #46]
 776 0026 0123     		movs	r3, #1
 777 0028 0386     		strh	r3, [r0, #48]	@ movhi
 778              	.L90:
 779 002a 7047     		bx	lr
 781              		.section	.text.adc_calc_float_avg,"ax",%progbits
 782              		.align	1
 783              		.global	adc_calc_float_avg
 784              		.syntax unified
 785              		.thumb
 786              		.thumb_func
 787              		.fpu fpv4-sp-d16
 789              	adc_calc_float_avg:
 790              		@ args = 0, pretend = 0, frame = 0
 791              		@ frame_needed = 0, uses_anonymous_args = 0
 792              		@ link register save eliminated.
 793 0000 038E     		ldrh	r3, [r0, #48]
 794 0002 A3B1     		cbz	r3, .L97
 795 0004 30B4     		push	{r4, r5}
 796 0006 172B     		cmp	r3, #23
 797 0008 01D9     		bls	.L95
 798 000a 1723     		movs	r3, #23
 799 000c 0386     		strh	r3, [r0, #48]	@ movhi
 800              	.L95:
 801 000e 058E     		ldrh	r5, [r0, #48]
 802 0010 811E     		subs	r1, r0, #2
 803 0012 0022     		movs	r2, #0
 804 0014 1346     		mov	r3, r2
 805              	.L96:
 806 0016 31F8024F 		ldrh	r4, [r1, #2]!
 807 001a 2344     		add	r3, r3, r4
 808 001c 0132     		adds	r2, r2, #1
 809 001e 94B2     		uxth	r4, r2
 810 0020 A542     		cmp	r5, r4
 811 0022 F8D8     		bhi	.L96
 812 0024 B3FBF5F0 		udiv	r0, r3, r5
 813 0028 80B2     		uxth	r0, r0
 814 002a 30BC     		pop	{r4, r5}
 815 002c 7047     		bx	lr
 816              	.L97:
 817 002e 0020     		movs	r0, #0
 818 0030 80B2     		uxth	r0, r0
 819 0032 7047     		bx	lr
 821              		.section	.text.get_mean_analog_value,"ax",%progbits
 822              		.align	1
 823              		.global	get_mean_analog_value
 824              		.syntax unified
 825              		.thumb
 826              		.thumb_func
 827              		.fpu fpv4-sp-d16
 829              	get_mean_analog_value:
 830              		@ args = 0, pretend = 0, frame = 0
 831              		@ frame_needed = 0, uses_anonymous_args = 0
 832              		@ link register save eliminated.
 833 0000 0738     		subs	r0, r0, #7
 834 0002 034B     		ldr	r3, .L105
 835 0004 03EBC002 		add	r2, r3, r0, lsl #3
 836 0008 9180     		strh	r1, [r2, #4]	@ movhi
 837 000a 33F83000 		ldrh	r0, [r3, r0, lsl #3]
 838 000e 7047     		bx	lr
 839              	.L106:
 840              		.align	2
 841              	.L105:
 842 0010 00000000 		.word	mgl_mean_current_value
 844              		.section	.text.get_mean_analog_value_exact,"ax",%progbits
 845              		.align	1
 846              		.global	get_mean_analog_value_exact
 847              		.syntax unified
 848              		.thumb
 849              		.thumb_func
 850              		.fpu fpv4-sp-d16
 852              	get_mean_analog_value_exact:
 853              		@ args = 0, pretend = 0, frame = 0
 854              		@ frame_needed = 0, uses_anonymous_args = 0
 855              		@ link register save eliminated.
 856 0000 0738     		subs	r0, r0, #7
 857 0002 024B     		ldr	r3, .L108
 858 0004 33F83000 		ldrh	r0, [r3, r0, lsl #3]
 859 0008 7047     		bx	lr
 860              	.L109:
 861 000a 00BF     		.align	2
 862              	.L108:
 863 000c 00000000 		.word	mgl_mean_current_value
 865              		.comm	adc_results_to_adc_channel_index,40,4
 866              		.comm	mgl_adc_counter,8,4
 867              		.global	mgl_multiplex_group_max
 868              		.comm	adc_interrupt_values,80,4
 869              		.comm	adc_results,400,4
 870              		.comm	mgl_mean_current_value,64,4
 871              		.section	.bss.adc1_counter.11242,"aw",%nobits
 872              		.align	2
 873              		.set	.LANCHOR1,. + 0
 876              	adc1_counter.11242:
 877 0000 00000000 		.space	4
 878              		.section	.bss.adc2_counter.11243,"aw",%nobits
 879              		.align	2
 880              		.set	.LANCHOR2,. + 0
 883              	adc2_counter.11243:
 884 0000 00000000 		.space	4
 885              		.section	.bss.mgl_multiplex_group_max,"aw",%nobits
 886              		.set	.LANCHOR0,. + 0
 889              	mgl_multiplex_group_max:
 890 0000 00       		.space	1
 891              		.section	.bss.multiplex_adc1_counter.11246,"aw",%nobits
 892              		.align	2
 893              		.set	.LANCHOR3,. + 0
 896              	multiplex_adc1_counter.11246:
 897 0000 00000000 		.space	4
 898              		.section	.bss.multiplex_adc2_counter.11247,"aw",%nobits
 899              		.align	2
 900              		.set	.LANCHOR4,. + 0
 903              	multiplex_adc2_counter.11247:
 904 0000 00000000 		.space	4
 905              		.ident	"GCC: (GNU Tools for Arm Embedded Processors 8-2019-q3-update) 8.3.1 20190703 (release) [gc
