   1              		.cpu cortex-m4
   2              		.eabi_attribute 27, 1
   3              		.eabi_attribute 28, 1
   4              		.eabi_attribute 20, 1
   5              		.eabi_attribute 21, 1
   6              		.eabi_attribute 23, 3
   7              		.eabi_attribute 24, 1
   8              		.eabi_attribute 25, 1
   9              		.eabi_attribute 26, 1
  10              		.eabi_attribute 30, 1
  11              		.eabi_attribute 34, 1
  12              		.eabi_attribute 18, 4
  13              		.file	"modulhardwarecode.c"
  14              		.text
  15              		.section	.text.modulhardwarecode_adc_get_vrefh2,"ax",%progbits
  16              		.align	1
  17              		.global	modulhardwarecode_adc_get_vrefh2
  18              		.arch armv7e-m
  19              		.syntax unified
  20              		.thumb
  21              		.thumb_func
  22              		.fpu fpv4-sp-d16
  24              	modulhardwarecode_adc_get_vrefh2:
  25              		@ args = 0, pretend = 0, frame = 0
  26              		@ frame_needed = 0, uses_anonymous_args = 0
  27 0000 38B5     		push	{r3, r4, r5, lr}
  28 0002 0D46     		mov	r5, r1
  29 0004 2728     		cmp	r0, #39
  30 0006 08D8     		bhi	.L2
  31 0008 0446     		mov	r4, r0
  32 000a 00EB4003 		add	r3, r0, r0, lsl #1
  33 000e 094A     		ldr	r2, .L5
  34 0010 02EB8303 		add	r3, r2, r3, lsl #2
  35 0014 187A     		ldrb	r0, [r3, #8]	@ zero_extendqisi2
  36 0016 5828     		cmp	r0, #88
  37 0018 01D9     		bls	.L4
  38              	.L2:
  39 001a 2846     		mov	r0, r5
  40 001c 38BD     		pop	{r3, r4, r5, pc}
  41              	.L4:
  42 001e FFF7FEFF 		bl	user_do_readback
  43 0022 0028     		cmp	r0, #0
  44 0024 F9D0     		beq	.L2
  45 0026 04EB4404 		add	r4, r4, r4, lsl #1
  46 002a 024B     		ldr	r3, .L5
  47 002c 03EB8404 		add	r4, r3, r4, lsl #2
  48 0030 6568     		ldr	r5, [r4, #4]
  49 0032 F2E7     		b	.L2
  50              	.L6:
  51              		.align	2
  52              	.L5:
  53 0034 00000000 		.word	.LANCHOR0
  55              		.section	.text.modulhardwarecode_adc_get_range_switch,"ax",%progbits
  56              		.align	1
  57              		.global	modulhardwarecode_adc_get_range_switch
  58              		.syntax unified
  59              		.thumb
  60              		.thumb_func
  61              		.fpu fpv4-sp-d16
  63              	modulhardwarecode_adc_get_range_switch:
  64              		@ args = 0, pretend = 0, frame = 0
  65              		@ frame_needed = 0, uses_anonymous_args = 0
  66              		@ link register save eliminated.
  67 0000 2728     		cmp	r0, #39
  68 0002 06D8     		bhi	.L9
  69 0004 00EB4000 		add	r0, r0, r0, lsl #1
  70 0008 034B     		ldr	r3, .L10
  71 000a 03EB8000 		add	r0, r3, r0, lsl #2
  72 000e 007A     		ldrb	r0, [r0, #8]	@ zero_extendqisi2
  73 0010 7047     		bx	lr
  74              	.L9:
  75 0012 5920     		movs	r0, #89
  76 0014 7047     		bx	lr
  77              	.L11:
  78 0016 00BF     		.align	2
  79              	.L10:
  80 0018 00000000 		.word	.LANCHOR0
  82              		.section	.text.modulhardwarecode_adc_set_measurement_range,"ax",%progbits
  83              		.align	1
  84              		.global	modulhardwarecode_adc_set_measurement_range
  85              		.syntax unified
  86              		.thumb
  87              		.thumb_func
  88              		.fpu fpv4-sp-d16
  90              	modulhardwarecode_adc_set_measurement_range:
  91              		@ args = 0, pretend = 0, frame = 0
  92              		@ frame_needed = 0, uses_anonymous_args = 0
  93 0000 2728     		cmp	r0, #39
  94 0002 1DD8     		bhi	.L19
  95 0004 08B5     		push	{r3, lr}
  96 0006 00EB4003 		add	r3, r0, r0, lsl #1
  97 000a 0E4A     		ldr	r2, .L22
  98 000c 02EB8303 		add	r3, r2, r3, lsl #2
  99 0010 5B68     		ldr	r3, [r3, #4]
 100 0012 83B1     		cbz	r3, .L12
 101 0014 00EB4000 		add	r0, r0, r0, lsl #1
 102 0018 02EB8000 		add	r0, r2, r0, lsl #2
 103 001c 007A     		ldrb	r0, [r0, #8]	@ zero_extendqisi2
 104 001e 5828     		cmp	r0, #88
 105 0020 09D8     		bhi	.L12
 106 0022 29B1     		cbz	r1, .L14
 107 0024 0129     		cmp	r1, #1
 108 0026 07D0     		beq	.L15
 109 0028 0021     		movs	r1, #0
 110 002a FFF7FEFF 		bl	user_do_set
 111 002e 02E0     		b	.L12
 112              	.L14:
 113 0030 0021     		movs	r1, #0
 114 0032 FFF7FEFF 		bl	user_do_set
 115              	.L12:
 116 0036 08BD     		pop	{r3, pc}
 117              	.L15:
 118 0038 0121     		movs	r1, #1
 119 003a FFF7FEFF 		bl	user_do_set
 120 003e FAE7     		b	.L12
 121              	.L19:
 122 0040 7047     		bx	lr
 123              	.L23:
 124 0042 00BF     		.align	2
 125              	.L22:
 126 0044 00000000 		.word	.LANCHOR0
 128              		.section	.text.modulhardwarecode_init,"ax",%progbits
 129              		.align	1
 130              		.global	modulhardwarecode_init
 131              		.syntax unified
 132              		.thumb
 133              		.thumb_func
 134              		.fpu fpv4-sp-d16
 136              	modulhardwarecode_init:
 137              		@ args = 0, pretend = 0, frame = 0
 138              		@ frame_needed = 0, uses_anonymous_args = 0
 139 0000 08B5     		push	{r3, lr}
 140 0002 0120     		movs	r0, #1
 141 0004 FFF7FEFF 		bl	hal_watchdog_mask
 142 0008 5321     		movs	r1, #83
 143 000a 0120     		movs	r0, #1
 144 000c FFF7FEFF 		bl	hal_watchdog_start
 145 0010 0B48     		ldr	r0, .L26
 146 0012 FFF7FEFF 		bl	user_can_init
 147 0016 0220     		movs	r0, #2
 148 0018 FFF7FEFF 		bl	sci_init
 149 001c 0121     		movs	r1, #1
 150 001e 5820     		movs	r0, #88
 151 0020 FFF7FEFF 		bl	hal_io_do_set
 152 0024 0121     		movs	r1, #1
 153 0026 3720     		movs	r0, #55
 154 0028 FFF7FEFF 		bl	hal_io_do_set
 155 002c 0021     		movs	r1, #0
 156 002e 5720     		movs	r0, #87
 157 0030 FFF7FEFF 		bl	hal_io_do_set
 158 0034 0121     		movs	r1, #1
 159 0036 5120     		movs	r0, #81
 160 0038 FFF7FEFF 		bl	hal_io_do_set
 161 003c 08BD     		pop	{r3, pc}
 162              	.L27:
 163 003e 00BF     		.align	2
 164              	.L26:
 165 0040 00000000 		.word	.LANCHOR1
 167              		.section	.text.modulhardwarecode_sleep,"ax",%progbits
 168              		.align	1
 169              		.global	modulhardwarecode_sleep
 170              		.syntax unified
 171              		.thumb
 172              		.thumb_func
 173              		.fpu fpv4-sp-d16
 175              	modulhardwarecode_sleep:
 176              		@ args = 0, pretend = 0, frame = 0
 177              		@ frame_needed = 0, uses_anonymous_args = 0
 178 0000 08B5     		push	{r3, lr}
 179 0002 0021     		movs	r1, #0
 180 0004 4920     		movs	r0, #73
 181 0006 FFF7FEFF 		bl	hal_io_do_set
 182 000a 0021     		movs	r1, #0
 183 000c 4B20     		movs	r0, #75
 184 000e FFF7FEFF 		bl	hal_io_do_set
 185 0012 0321     		movs	r1, #3
 186 0014 0220     		movs	r0, #2
 187 0016 FFF7FEFF 		bl	sfl_timer_wait
 188 001a 0021     		movs	r1, #0
 189 001c 0B20     		movs	r0, #11
 190 001e FFF7FEFF 		bl	hal_io_do_set
 191 0022 0021     		movs	r1, #0
 192 0024 5420     		movs	r0, #84
 193 0026 FFF7FEFF 		bl	hal_io_do_set
 194 002a 0021     		movs	r1, #0
 195 002c 5120     		movs	r0, #81
 196 002e FFF7FEFF 		bl	hal_io_do_set
 197 0032 0021     		movs	r1, #0
 198 0034 4520     		movs	r0, #69
 199 0036 FFF7FEFF 		bl	hal_io_do_set
 200 003a 0321     		movs	r1, #3
 201 003c C820     		movs	r0, #200
 202 003e FFF7FEFF 		bl	sfl_timer_wait
 203 0042 0121     		movs	r1, #1
 204 0044 4520     		movs	r0, #69
 205 0046 FFF7FEFF 		bl	hal_io_do_set
 206 004a 0121     		movs	r1, #1
 207 004c 0B20     		movs	r0, #11
 208 004e FFF7FEFF 		bl	hal_io_do_set
 209 0052 0121     		movs	r1, #1
 210 0054 4920     		movs	r0, #73
 211 0056 FFF7FEFF 		bl	hal_io_do_set
 212 005a 0121     		movs	r1, #1
 213 005c 5420     		movs	r0, #84
 214 005e FFF7FEFF 		bl	hal_io_do_set
 215 0062 0121     		movs	r1, #1
 216 0064 4B20     		movs	r0, #75
 217 0066 FFF7FEFF 		bl	hal_io_do_set
 218 006a 0121     		movs	r1, #1
 219 006c 5120     		movs	r0, #81
 220 006e FFF7FEFF 		bl	hal_io_do_set
 221 0072 08BD     		pop	{r3, pc}
 223              		.section	.text.modulhardwarecode_timer,"ax",%progbits
 224              		.align	1
 225              		.global	modulhardwarecode_timer
 226              		.syntax unified
 227              		.thumb
 228              		.thumb_func
 229              		.fpu fpv4-sp-d16
 231              	modulhardwarecode_timer:
 232              		@ args = 0, pretend = 0, frame = 0
 233              		@ frame_needed = 0, uses_anonymous_args = 0
 234              		@ link register save eliminated.
 235 0000 7047     		bx	lr
 237              		.section	.text.modulhardwarecode_adc_multiplex,"ax",%progbits
 238              		.align	1
 239              		.global	modulhardwarecode_adc_multiplex
 240              		.syntax unified
 241              		.thumb
 242              		.thumb_func
 243              		.fpu fpv4-sp-d16
 245              	modulhardwarecode_adc_multiplex:
 246              		@ args = 0, pretend = 0, frame = 0
 247              		@ frame_needed = 0, uses_anonymous_args = 0
 248 0000 08B5     		push	{r3, lr}
 249 0002 50B1     		cbz	r0, .L32
 250 0004 0128     		cmp	r0, #1
 251 0006 11D0     		beq	.L33
 252 0008 0121     		movs	r1, #1
 253 000a 4720     		movs	r0, #71
 254 000c FFF7FEFF 		bl	hal_io_do_set
 255 0010 0121     		movs	r1, #1
 256 0012 4120     		movs	r0, #65
 257 0014 FFF7FEFF 		bl	hal_io_do_set
 258 0018 07E0     		b	.L31
 259              	.L32:
 260 001a 0021     		movs	r1, #0
 261 001c 4720     		movs	r0, #71
 262 001e FFF7FEFF 		bl	hal_io_do_set
 263 0022 0121     		movs	r1, #1
 264 0024 4120     		movs	r0, #65
 265 0026 FFF7FEFF 		bl	hal_io_do_set
 266              	.L31:
 267 002a 08BD     		pop	{r3, pc}
 268              	.L33:
 269 002c 0121     		movs	r1, #1
 270 002e 4720     		movs	r0, #71
 271 0030 FFF7FEFF 		bl	hal_io_do_set
 272 0034 0021     		movs	r1, #0
 273 0036 4120     		movs	r0, #65
 274 0038 FFF7FEFF 		bl	hal_io_do_set
 275 003c F5E7     		b	.L31
 277              		.section	.text.modulhardwarecode_cyclic,"ax",%progbits
 278              		.align	1
 279              		.global	modulhardwarecode_cyclic
 280              		.syntax unified
 281              		.thumb
 282              		.thumb_func
 283              		.fpu fpv4-sp-d16
 285              	modulhardwarecode_cyclic:
 286              		@ args = 0, pretend = 0, frame = 0
 287              		@ frame_needed = 0, uses_anonymous_args = 0
 288 0000 2DE9F041 		push	{r4, r5, r6, r7, r8, lr}
 289 0004 0021     		movs	r1, #0
 290 0006 3720     		movs	r0, #55
 291 0008 FFF7FEFF 		bl	hal_io_do_set
 292 000c 0F4C     		ldr	r4, .L42
 293 000e 04F11C08 		add	r8, r4, #28
 294 0012 0027     		movs	r7, #0
 295 0014 3625     		movs	r5, #54
 296 0016 3C26     		movs	r6, #60
 297              	.L39:
 298 0018 3946     		mov	r1, r7
 299 001a 2846     		mov	r0, r5
 300 001c FFF7FEFF 		bl	hal_io_do_set
 301 0020 6178     		ldrb	r1, [r4, #1]	@ zero_extendqisi2
 302 0022 3046     		mov	r0, r6
 303 0024 FFF7FEFF 		bl	hal_io_do_set
 304 0028 0121     		movs	r1, #1
 305 002a 2846     		mov	r0, r5
 306 002c FFF7FEFF 		bl	hal_io_do_set
 307 0030 0234     		adds	r4, r4, #2
 308 0032 4445     		cmp	r4, r8
 309 0034 F0D1     		bne	.L39
 310 0036 0121     		movs	r1, #1
 311 0038 3720     		movs	r0, #55
 312 003a FFF7FEFF 		bl	hal_io_do_set
 313 003e 0021     		movs	r1, #0
 314 0040 5720     		movs	r0, #87
 315 0042 FFF7FEFF 		bl	hal_io_do_set
 316 0046 BDE8F081 		pop	{r4, r5, r6, r7, r8, pc}
 317              	.L43:
 318 004a 00BF     		.align	2
 319              	.L42:
 320 004c 00000000 		.word	virtual_pin
 322              		.global	mgl_adc_vref_values
 323              		.global	can_pin_list
 324              		.section	.data.mgl_adc_vref_values,"aw"
 325              		.align	2
 326              		.set	.LANCHOR0,. + 0
 329              	mgl_adc_vref_values:
 330 0000 00       		.byte	0
 331 0001 000000   		.space	3
 332 0004 FA7D0000 		.word	32250
 333 0008 2D       		.byte	45
 334 0009 000000   		.space	3
 335 000c 01       		.byte	1
 336 000d 000000   		.space	3
 337 0010 FA7D0000 		.word	32250
 338 0014 4F       		.byte	79
 339 0015 000000   		.space	3
 340 0018 02       		.byte	2
 341 0019 000000   		.space	3
 342 001c FA7D0000 		.word	32250
 343 0020 1A       		.byte	26
 344 0021 000000   		.space	3
 345 0024 03       		.byte	3
 346 0025 000000   		.space	3
 347 0028 FA7D0000 		.word	32250
 348 002c 2C       		.byte	44
 349 002d 000000   		.space	3
 350 0030 04       		.byte	4
 351 0031 000000   		.space	3
 352 0034 FA7D0000 		.word	32250
 353 0038 1D       		.byte	29
 354 0039 000000   		.space	3
 355 003c 05       		.byte	5
 356 003d 000000   		.space	3
 357 0040 FA7D0000 		.word	32250
 358 0044 23       		.byte	35
 359 0045 000000   		.space	3
 360 0048 06       		.byte	6
 361 0049 000000   		.space	3
 362 004c 00000000 		.word	0
 363 0050 59       		.byte	89
 364 0051 000000   		.space	3
 365 0054 07       		.byte	7
 366 0055 000000   		.space	3
 367 0058 00000000 		.word	0
 368 005c 59       		.byte	89
 369 005d 000000   		.space	3
 370 0060 08       		.byte	8
 371 0061 000000   		.space	3
 372 0064 00000000 		.word	0
 373 0068 59       		.byte	89
 374 0069 000000   		.space	3
 375 006c 09       		.byte	9
 376 006d 000000   		.space	3
 377 0070 00000000 		.word	0
 378 0074 59       		.byte	89
 379 0075 000000   		.space	3
 380 0078 0A       		.byte	10
 381 0079 000000   		.space	3
 382 007c 00000000 		.word	0
 383 0080 59       		.byte	89
 384 0081 000000   		.space	3
 385 0084 0B       		.byte	11
 386 0085 000000   		.space	3
 387 0088 00000000 		.word	0
 388 008c 59       		.byte	89
 389 008d 000000   		.space	3
 390 0090 0C       		.byte	12
 391 0091 000000   		.space	3
 392 0094 00000000 		.word	0
 393 0098 59       		.byte	89
 394 0099 000000   		.space	3
 395 009c 0D       		.byte	13
 396 009d 000000   		.space	3
 397 00a0 00000000 		.word	0
 398 00a4 59       		.byte	89
 399 00a5 000000   		.space	3
 400 00a8 0E       		.byte	14
 401 00a9 000000   		.space	3
 402 00ac 00000000 		.word	0
 403 00b0 59       		.byte	89
 404 00b1 000000   		.space	3
 405 00b4 0F       		.byte	15
 406 00b5 000000   		.space	3
 407 00b8 00000000 		.word	0
 408 00bc 59       		.byte	89
 409 00bd 000000   		.space	3
 410 00c0 10       		.byte	16
 411 00c1 000000   		.space	3
 412 00c4 00000000 		.word	0
 413 00c8 59       		.byte	89
 414 00c9 000000   		.space	3
 415 00cc 11       		.byte	17
 416 00cd 000000   		.space	3
 417 00d0 00000000 		.word	0
 418 00d4 59       		.byte	89
 419 00d5 000000   		.space	3
 420 00d8 12       		.byte	18
 421 00d9 000000   		.space	3
 422 00dc 00000000 		.word	0
 423 00e0 59       		.byte	89
 424 00e1 000000   		.space	3
 425 00e4 13       		.byte	19
 426 00e5 000000   		.space	3
 427 00e8 00000000 		.word	0
 428 00ec 59       		.byte	89
 429 00ed 000000   		.space	3
 430 00f0 14       		.byte	20
 431 00f1 000000   		.space	3
 432 00f4 00000000 		.word	0
 433 00f8 59       		.byte	89
 434 00f9 000000   		.space	3
 435 00fc 15       		.byte	21
 436 00fd 000000   		.space	3
 437 0100 00000000 		.word	0
 438 0104 59       		.byte	89
 439 0105 000000   		.space	3
 440 0108 16       		.byte	22
 441 0109 000000   		.space	3
 442 010c 00000000 		.word	0
 443 0110 59       		.byte	89
 444 0111 000000   		.space	3
 445 0114 17       		.byte	23
 446 0115 000000   		.space	3
 447 0118 00000000 		.word	0
 448 011c 59       		.byte	89
 449 011d 000000   		.space	3
 450 0120 18       		.byte	24
 451 0121 000000   		.space	3
 452 0124 00000000 		.word	0
 453 0128 59       		.byte	89
 454 0129 000000   		.space	3
 455 012c 24       		.byte	36
 456 012d 000000   		.space	3
 457 0130 00000000 		.word	0
 458 0134 59       		.byte	89
 459 0135 000000   		.space	3
 460 0138 25       		.byte	37
 461 0139 000000   		.space	3
 462 013c 00000000 		.word	0
 463 0140 59       		.byte	89
 464 0141 000000   		.space	3
 465 0144 26       		.byte	38
 466 0145 000000   		.space	3
 467 0148 00000000 		.word	0
 468 014c 59       		.byte	89
 469 014d 000000   		.space	3
 470 0150 27       		.byte	39
 471 0151 000000   		.space	3
 472 0154 00000000 		.word	0
 473 0158 59       		.byte	89
 474 0159 000000   		.space	3
 475 015c 22       		.byte	34
 476 015d 000000   		.space	3
 477 0160 00000000 		.word	0
 478 0164 59       		.byte	89
 479 0165 000000   		.space	3
 480 0168 23       		.byte	35
 481 0169 000000   		.space	3
 482 016c 00000000 		.word	0
 483 0170 59       		.byte	89
 484 0171 000000   		.space	3
 485 0174 28       		.byte	40
 486 0175 000000   		.space	3
 487 0178 00000000 		.word	0
 488 017c 59       		.byte	89
 489 017d 000000   		.space	3
 490 0180 00000000 		.space	108
 490      00000000 
 490      00000000 
 490      00000000 
 490      00000000 
 491              		.section	.rodata.can_pin_list,"a"
 492              		.align	2
 493              		.set	.LANCHOR1,. + 0
 496              	can_pin_list:
 497 0000 0B00     		.short	11
 498 0002 4900     		.short	73
 499 0004 5400     		.short	84
 500 0006 4B00     		.short	75
 501 0008 5900     		.short	89
 502 000a 5900     		.short	89
 503              		.ident	"GCC: (GNU Tools for Arm Embedded Processors 8-2019-q3-update) 8.3.1 20190703 (release) [gc
